Using pre-set license
Built from '2021.3/china_unity/release' branch; Version is '2021.3.18f1c1 (93698379025b) revision 9660803'; Using compiler version '192829333'; Build Type 'Release'
OS: 'Windows 10  (10.0.19045) 64bit CoreCountrySpecific' Language: 'zh' Physical Memory: 16145 MB
BatchMode: 1, IsHumanControllingUs: 0, StartBugReporterOnCrash: 0, Is64bit: 1, IsPro: 1

COMMAND LINE ARGUMENTS:
C:\Program Files\Unity\Hub\Editor\2021.3.18f1c1\Editor\Unity.exe
-adb2
-batchMode
-noUpm
-name
AssetImportWorker0
-projectPath
D:/Code/Zhongyang/VideoShow
-logFile
Logs/AssetImportWorker0.log
-srvPort
55869
Successfully changed project path to: D:/Code/Zhongyang/VideoShow
D:/Code/Zhongyang/VideoShow
[UnityMemory] Configuration Parameters - Can be set up in boot.config
    "memorysetup-bucket-allocator-granularity=16"
    "memorysetup-bucket-allocator-bucket-count=8"
    "memorysetup-bucket-allocator-block-size=33554432"
    "memorysetup-bucket-allocator-block-count=8"
    "memorysetup-main-allocator-block-size=16777216"
    "memorysetup-thread-allocator-block-size=16777216"
    "memorysetup-gfx-main-allocator-block-size=16777216"
    "memorysetup-gfx-thread-allocator-block-size=16777216"
    "memorysetup-cache-allocator-block-size=4194304"
    "memorysetup-typetree-allocator-block-size=2097152"
    "memorysetup-profiler-bucket-allocator-granularity=16"
    "memorysetup-profiler-bucket-allocator-bucket-count=8"
    "memorysetup-profiler-bucket-allocator-block-size=33554432"
    "memorysetup-profiler-bucket-allocator-block-count=8"
    "memorysetup-profiler-allocator-block-size=16777216"
    "memorysetup-profiler-editor-allocator-block-size=1048576"
    "memorysetup-temp-allocator-size-main=16777216"
    "memorysetup-job-temp-allocator-block-size=2097152"
    "memorysetup-job-temp-allocator-block-size-background=1048576"
    "memorysetup-job-temp-allocator-reduction-small-platforms=262144"
    "memorysetup-temp-allocator-size-background-worker=32768"
    "memorysetup-temp-allocator-size-job-worker=262144"
    "memorysetup-temp-allocator-size-preload-manager=33554432"
    "memorysetup-temp-allocator-size-nav-mesh-worker=65536"
    "memorysetup-temp-allocator-size-audio-worker=65536"
    "memorysetup-temp-allocator-size-cloud-worker=32768"
    "memorysetup-temp-allocator-size-gi-baking-worker=262144"
    "memorysetup-temp-allocator-size-gfx=262144"
Player connection [28496] Host "[IP] 10.68.137.146 [Port] 0 [Flags] 2 [Guid] 2046033244 [EditorId] 2046033244 [Version] 1048832 [Id] WindowsEditor(7,DESKTOP-2B8EGO9) [Debug] 1 [PackageName] WindowsEditor [ProjectName] Editor" joined multi-casting on [225.0.0.222:54997]...

Player connection [28496] Host "[IP] 10.68.137.146 [Port] 0 [Flags] 2 [Guid] 2046033244 [EditorId] 2046033244 [Version] 1048832 [Id] WindowsEditor(7,DESKTOP-2B8EGO9) [Debug] 1 [PackageName] WindowsEditor [ProjectName] Editor" joined alternative multi-casting on [225.0.0.222:34997]...

AS: AutoStreaming module initializing.
Refreshing native plugins compatible for Editor in 130.72 ms, found 13 plugins.
Preloading 0 native plugins for Editor in 0.00 ms.
Initialize engine version: 2021.3.18f1c1 (93698379025b)
[Subsystems] Discovering subsystems at path C:/Program Files/Unity/Hub/Editor/2021.3.18f1c1/Editor/Data/Resources/UnitySubsystems
[Subsystems] Discovering subsystems at path D:/Code/Zhongyang/VideoShow/Assets
GfxDevice: creating device client; threaded=0; jobified=0
Direct3D:
    Version:  Direct3D 11.0 [level 11.1]
    Renderer: NVIDIA GeForce RTX 2060 (ID=0x1f15)
    Vendor:   NVIDIA
    VRAM:     5968 MB
    Driver:   31.0.15.3141
Initialize mono
Mono path[0] = 'C:/Program Files/Unity/Hub/Editor/2021.3.18f1c1/Editor/Data/Managed'
Mono path[1] = 'C:/Program Files/Unity/Hub/Editor/2021.3.18f1c1/Editor/Data/MonoBleedingEdge/lib/mono/unityjit-win32'
Mono config path = 'C:/Program Files/Unity/Hub/Editor/2021.3.18f1c1/Editor/Data/MonoBleedingEdge/etc'
Using monoOptions --debugger-agent=transport=dt_socket,embedding=1,server=y,suspend=n,address=127.0.0.1:56236
Begin MonoManager ReloadAssembly
Registering precompiled unity dll's ...
Register platform support module: C:/Program Files/Unity/Hub/Editor/2021.3.18f1c1/Editor/Data/PlaybackEngines/WindowsStandaloneSupport/UnityEditor.WindowsStandalone.Extensions.dll
Register platform support module: C:/Program Files/Unity/Hub/Editor/2021.3.18f1c1/Editor/Data/PlaybackEngines/MetroSupport/UnityEditor.UWP.Extensions.dll
Registered in 0.008871 seconds.
Native extension for UWP target not found
Native extension for WindowsStandalone target not found
Refreshing native plugins compatible for Editor in 108.71 ms, found 13 plugins.
Preloading 0 native plugins for Editor in 0.00 ms.
Mono: successfully reloaded assembly
- Completed reload, in  0.816 seconds
Domain Reload Profiling:
	ReloadAssembly (816ms)
		BeginReloadAssembly (97ms)
			ExecutionOrderSort (0ms)
			DisableScriptedObjects (0ms)
			BackupInstance (0ms)
			ReleaseScriptingObjects (0ms)
			CreateAndSetChildDomain (1ms)
		EndReloadAssembly (582ms)
			LoadAssemblies (91ms)
			RebuildTransferFunctionScriptingTraits (0ms)
			SetupTypeCache (178ms)
			ReleaseScriptCaches (0ms)
			RebuildScriptCaches (33ms)
			SetupLoadedEditorAssemblies (299ms)
				LogAssemblyErrors (0ms)
				InitializePlatformSupportModulesInManaged (10ms)
				SetLoadedEditorAssemblies (0ms)
				RefreshPlugins (109ms)
				BeforeProcessingInitializeOnLoad (1ms)
				ProcessInitializeOnLoadAttributes (124ms)
				ProcessInitializeOnLoadMethodAttributes (55ms)
				AfterProcessingInitializeOnLoad (0ms)
				EditorAssembliesLoaded (0ms)
			ExecutionOrderSort2 (0ms)
			AwakeInstancesAfterBackupRestoration (0ms)
Platform modules already initialized, skipping
Registering precompiled user dll's ...
Registered in 0.018859 seconds.
Begin MonoManager ReloadAssembly
Native extension for UWP target not found
Native extension for WindowsStandalone target not found
Refreshing native plugins compatible for Editor in 120.20 ms, found 13 plugins.
Preloading 0 native plugins for Editor in 0.00 ms.
Package Manager log level set to [2]
[XR] [MROpenXR][Info   ][10:49:51.322305][tid:6f50] MeshProvider_RegisterLifecycleProvider
[XR] [MROpenXR][Info   ][10:49:51.322305][tid:6f50] MeshProvider_RegisterLifecycleProvider
[XR] [MROpenXR][Info   ][10:49:51.322363][tid:6f50] InputProvider_RegisterLifecycleProvider
[XR] [MROpenXR][Info   ][10:49:51.322363][tid:6f50] InputProvider_RegisterLifecycleProvider
[XR] Error loading subsystem: Display (1) (header mismatch?)
[XR] [MROpenXR][Info   ][10:49:51.323606][tid:6f50] OnPluginStarted UnityVersion=2021.3.18f1c1 OpenXRPluginVersion=1.8.1 MROpenXRPluginVersion=1.8.0.0 PartA_PrivTags=33554432
[XR] [MROpenXR][Info   ][10:49:51.323606][tid:6f50] OnPluginStarted UnityVersion=2021.3.18f1c1 OpenXRPluginVersion=1.8.1 MROpenXRPluginVersion=1.8.0.0 PartA_PrivTags=33554432
Mono: successfully reloaded assembly
- Completed reload, in  1.975 seconds
Domain Reload Profiling:
	ReloadAssembly (1976ms)
		BeginReloadAssembly (162ms)
			ExecutionOrderSort (0ms)
			DisableScriptedObjects (8ms)
			BackupInstance (0ms)
			ReleaseScriptingObjects (0ms)
			CreateAndSetChildDomain (31ms)
		EndReloadAssembly (1654ms)
			LoadAssemblies (121ms)
			RebuildTransferFunctionScriptingTraits (0ms)
			SetupTypeCache (374ms)
			ReleaseScriptCaches (1ms)
			RebuildScriptCaches (81ms)
			SetupLoadedEditorAssemblies (1024ms)
				LogAssemblyErrors (0ms)
				InitializePlatformSupportModulesInManaged (6ms)
				SetLoadedEditorAssemblies (0ms)
				RefreshPlugins (120ms)
				BeforeProcessingInitializeOnLoad (144ms)
				ProcessInitializeOnLoadAttributes (671ms)
				ProcessInitializeOnLoadMethodAttributes (64ms)
				AfterProcessingInitializeOnLoad (18ms)
				EditorAssembliesLoaded (0ms)
			ExecutionOrderSort2 (0ms)
			AwakeInstancesAfterBackupRestoration (9ms)
Platform modules already initialized, skipping
========================================================================
Worker process is ready to serve import requests
Launched and connected shader compiler UnityShaderCompiler.exe after 0.06 seconds
Refreshing native plugins compatible for Editor in 5.16 ms, found 13 plugins.
Preloading 0 native plugins for Editor in 0.00 ms.
Unloading 5256 Unused Serialized files (Serialized files now loaded: 0)
Unloading 56 unused Assets / (117.1 KB). Loaded Objects now: 5735.
Memory consumption went from 187.6 MB to 187.5 MB.
Total: 4.456300 ms (FindLiveObjects: 0.426500 ms CreateObjectMapping: 0.465000 ms MarkObjects: 3.413500 ms  DeleteObjects: 0.150200 ms)

AssetImportParameters requested are different than current active one (requested -> active):
  custom:video-decoder-ogg-theora: a1e56fd34408186e4bbccfd4996cb3dc -> 
  custom:container-muxer-webm: aa71ff27fc2769a1b78a27578f13a17b -> 
  custom:container-demuxer-webm: 4f35f7cbe854078d1ac9338744f61a02 -> 
  custom:video-encoder-webm-vp8: eb34c28f22e8b96e1ab97ce403110664 -> 
  custom:video-codec-MediaFoundation-h265: 746d11721c4dcdbdad8f713fa42b33f4 -> 
  custom:audio-encoder-webm-vorbis: bf7c407c2cedff20999df2af8eb42d56 -> 
  custom:framework-win-MediaFoundation: 216162199b28c13a410421893ffa2e32 -> 
  custom:container-demuxer-ogg: 62fdf1f143b41e24485cea50d1cbac27 -> 
  custom:video-decoder-webm-vp8: 9c59270c3fd7afecdb556c50c9e8de78 -> 
  custom:audio-decoder-ogg-vorbis: bf7c407c2cedff20999df2af8eb42d56 -> 
========================================================================
Received Prepare
Registering precompiled user dll's ...
Registered in 0.279162 seconds.
Begin MonoManager ReloadAssembly
Native extension for UWP target not found
Native extension for WindowsStandalone target not found
Refreshing native plugins compatible for Editor in 8.86 ms, found 404 plugins.
Preloading 0 native plugins for Editor in 0.00 ms.
Mono: successfully reloaded assembly
- Completed reload, in  1.735 seconds
Domain Reload Profiling:
	ReloadAssembly (1735ms)
		BeginReloadAssembly (164ms)
			ExecutionOrderSort (0ms)
			DisableScriptedObjects (5ms)
			BackupInstance (0ms)
			ReleaseScriptingObjects (0ms)
			CreateAndSetChildDomain (48ms)
		EndReloadAssembly (1441ms)
			LoadAssemblies (119ms)
			RebuildTransferFunctionScriptingTraits (0ms)
			SetupTypeCache (390ms)
			ReleaseScriptCaches (2ms)
			RebuildScriptCaches (59ms)
			SetupLoadedEditorAssemblies (732ms)
				LogAssemblyErrors (0ms)
				InitializePlatformSupportModulesInManaged (19ms)
				SetLoadedEditorAssemblies (1ms)
				RefreshPlugins (9ms)
				BeforeProcessingInitializeOnLoad (106ms)
				ProcessInitializeOnLoadAttributes (534ms)
				ProcessInitializeOnLoadMethodAttributes (48ms)
				AfterProcessingInitializeOnLoad (16ms)
				EditorAssembliesLoaded (0ms)
			ExecutionOrderSort2 (0ms)
			AwakeInstancesAfterBackupRestoration (10ms)
Platform modules already initialized, skipping
Refreshing native plugins compatible for Editor in 335.84 ms, found 404 plugins.
Preloading 0 native plugins for Editor in 0.00 ms.
Unloading 6298 Unused Serialized files (Serialized files now loaded: 0)
Unloading 1126 unused Assets / (188.1 KB). Loaded Objects now: 5751.
Memory consumption went from 214.4 MB to 214.2 MB.
Total: 4.790200 ms (FindLiveObjects: 0.488800 ms CreateObjectMapping: 0.544600 ms MarkObjects: 3.270300 ms  DeleteObjects: 0.485400 ms)

AssetImportParameters requested are different than current active one (requested -> active):
  custom:video-decoder-ogg-theora: a1e56fd34408186e4bbccfd4996cb3dc -> 
  custom:container-muxer-webm: aa71ff27fc2769a1b78a27578f13a17b -> 
  custom:container-demuxer-webm: 4f35f7cbe854078d1ac9338744f61a02 -> 
  custom:video-encoder-webm-vp8: eb34c28f22e8b96e1ab97ce403110664 -> 
  custom:video-codec-MediaFoundation-h265: 746d11721c4dcdbdad8f713fa42b33f4 -> 
  custom:audio-encoder-webm-vorbis: bf7c407c2cedff20999df2af8eb42d56 -> 
  custom:framework-win-MediaFoundation: 216162199b28c13a410421893ffa2e32 -> 
  custom:container-demuxer-ogg: 62fdf1f143b41e24485cea50d1cbac27 -> 
  custom:video-decoder-webm-vp8: 9c59270c3fd7afecdb556c50c9e8de78 -> 
  custom:audio-decoder-ogg-vorbis: bf7c407c2cedff20999df2af8eb42d56 -> 
========================================================================
Received Import Request.
  Time since last request: 613960.165180 seconds.
  path: Assets/Scenes
  artifactKey: Guid(6ea315d0fd7389c41b19996891e99ae3) Importer(815301076,1909f56bfc062723c751e8b465ee728b)
Start importing Assets/Scenes using Guid(6ea315d0fd7389c41b19996891e99ae3) Importer(815301076,1909f56bfc062723c751e8b465ee728b)  -> (artifact id: 'b8193726cff86800c54781cdc6d54904') in 0.010701 seconds 
========================================================================
Received Import Request.
  Time since last request: 0.601332 seconds.
  path: Assets/VLCUnity
  artifactKey: Guid(04ff824f9440e2f4a9a6e8f60aed007f) Importer(815301076,1909f56bfc062723c751e8b465ee728b)
Start importing Assets/VLCUnity using Guid(04ff824f9440e2f4a9a6e8f60aed007f) Importer(815301076,1909f56bfc062723c751e8b465ee728b)  -> (artifact id: '702cc26eb87d0c629273acc88fc7d741') in 0.001505 seconds 
========================================================================
Received Import Request.
  Time since last request: 0.756129 seconds.
  path: Assets/VLCUnity/Demos
  artifactKey: Guid(8e9f585df4f6b16469eb3b850a0e8e94) Importer(815301076,1909f56bfc062723c751e8b465ee728b)
Start importing Assets/VLCUnity/Demos using Guid(8e9f585df4f6b16469eb3b850a0e8e94) Importer(815301076,1909f56bfc062723c751e8b465ee728b)  -> (artifact id: 'bd1a97a7a6dc8752b5891e6498c044ff') in 0.001476 seconds 
========================================================================
Received Import Request.
  Time since last request: 1.581936 seconds.
  path: Assets/VLCUnity/Demos/Scenes
  artifactKey: Guid(a895cf300b48fd549b3d0877a4ede7ec) Importer(815301076,1909f56bfc062723c751e8b465ee728b)
Start importing Assets/VLCUnity/Demos/Scenes using Guid(a895cf300b48fd549b3d0877a4ede7ec) Importer(815301076,1909f56bfc062723c751e8b465ee728b)  -> (artifact id: '1984f367f7eda02c543e019ceb7bfdea') in 0.001867 seconds 
========================================================================
Received Import Request.
  Time since last request: 1.215749 seconds.
  path: Assets/VLCUnity/Demos/Scenes/VLC 3D Example.unity
  artifactKey: Guid(c4437e8abbf34fc4294801c0d7f195fc) Importer(815301076,1909f56bfc062723c751e8b465ee728b)
Start importing Assets/VLCUnity/Demos/Scenes/VLC 3D Example.unity using Guid(c4437e8abbf34fc4294801c0d7f195fc) Importer(815301076,1909f56bfc062723c751e8b465ee728b)  -> (artifact id: 'e6c645cf0b83656f3cc3a04a978b4d8e') in 0.001677 seconds 
========================================================================
Received Import Request.
  Time since last request: 39.192604 seconds.
  path: Assets/VLCUnity/Demos/Scripts
  artifactKey: Guid(50a88b1530bd16546b375885acb7e471) Importer(815301076,1909f56bfc062723c751e8b465ee728b)
Start importing Assets/VLCUnity/Demos/Scripts using Guid(50a88b1530bd16546b375885acb7e471) Importer(815301076,1909f56bfc062723c751e8b465ee728b)  -> (artifact id: '8bf939f33113465b84bf956692b6f630') in 0.001574 seconds 
========================================================================
Received Prepare
Refreshing native plugins compatible for Editor in 1310.49 ms, found 404 plugins.
Preloading 0 native plugins for Editor in 0.00 ms.
Unloading 1126 Unused Serialized files (Serialized files now loaded: 0)
Unloading 1126 unused Assets / (109.8 KB). Loaded Objects now: 5751.
Memory consumption went from 110.1 MB to 110.0 MB.
Total: 179.778400 ms (FindLiveObjects: 1.212100 ms CreateObjectMapping: 3.084600 ms MarkObjects: 174.838000 ms  DeleteObjects: 0.641700 ms)

AssetImportParameters requested are different than current active one (requested -> active):
  custom:video-decoder-ogg-theora: a1e56fd34408186e4bbccfd4996cb3dc -> 
  custom:container-muxer-webm: aa71ff27fc2769a1b78a27578f13a17b -> 
  custom:container-demuxer-webm: 4f35f7cbe854078d1ac9338744f61a02 -> 
  custom:video-encoder-webm-vp8: eb34c28f22e8b96e1ab97ce403110664 -> 
  custom:video-codec-MediaFoundation-h265: 746d11721c4dcdbdad8f713fa42b33f4 -> 
  custom:audio-encoder-webm-vorbis: bf7c407c2cedff20999df2af8eb42d56 -> 
  custom:framework-win-MediaFoundation: 216162199b28c13a410421893ffa2e32 -> 
  custom:container-demuxer-ogg: 62fdf1f143b41e24485cea50d1cbac27 -> 
  custom:video-decoder-webm-vp8: 9c59270c3fd7afecdb556c50c9e8de78 -> 
  custom:audio-decoder-ogg-vorbis: bf7c407c2cedff20999df2af8eb42d56 -> 
========================================================================
Received Import Request.
  Time since last request: 410.137609 seconds.
  path: Assets/VLCUnity/Plugins
  artifactKey: Guid(85aa932e119bda24a9a978340e471076) Importer(815301076,1909f56bfc062723c751e8b465ee728b)
Start importing Assets/VLCUnity/Plugins using Guid(85aa932e119bda24a9a978340e471076) Importer(815301076,1909f56bfc062723c751e8b465ee728b)  -> (artifact id: 'aa89309d968fc3dc0183765c5ec8ad03') in 0.004216 seconds 
========================================================================
Received Import Request.
  Time since last request: 0.840731 seconds.
  path: Assets/VLCUnity/Plugins/WSA
  artifactKey: Guid(7994fa7afe1b90f4cba6f7e222ced8c1) Importer(815301076,1909f56bfc062723c751e8b465ee728b)
Start importing Assets/VLCUnity/Plugins/WSA using Guid(7994fa7afe1b90f4cba6f7e222ced8c1) Importer(815301076,1909f56bfc062723c751e8b465ee728b)  -> (artifact id: '4a8849977570580aa32113341c77ec3d') in 0.003919 seconds 
========================================================================
Received Import Request.
  Time since last request: 0.777806 seconds.
  path: Assets/VLCUnity/Plugins/WSA/UWP
  artifactKey: Guid(dd7c7eddbbfc3ca4681986b5cbe59dca) Importer(815301076,1909f56bfc062723c751e8b465ee728b)
Start importing Assets/VLCUnity/Plugins/WSA/UWP using Guid(dd7c7eddbbfc3ca4681986b5cbe59dca) Importer(815301076,1909f56bfc062723c751e8b465ee728b)  -> (artifact id: '921769c9a998dec634b4150bc99c5aa4') in 0.001615 seconds 
========================================================================
Received Import Request.
  Time since last request: 0.728360 seconds.
  path: Assets/VLCUnity/Plugins/WSA/UWP/x86_64
  artifactKey: Guid(9b2e6c693425c504bb613cf2fb5a84a5) Importer(815301076,1909f56bfc062723c751e8b465ee728b)
Start importing Assets/VLCUnity/Plugins/WSA/UWP/x86_64 using Guid(9b2e6c693425c504bb613cf2fb5a84a5) Importer(815301076,1909f56bfc062723c751e8b465ee728b)  -> (artifact id: '9a4375306342386e4ccefad7bfa7e6b9') in 0.002478 seconds 
========================================================================
Received Prepare
Registering precompiled user dll's ...
Registered in 0.207831 seconds.
Begin MonoManager ReloadAssembly
Native extension for UWP target not found
Native extension for WindowsStandalone target not found
Refreshing native plugins compatible for Editor in 9.46 ms, found 404 plugins.
Preloading 0 native plugins for Editor in 0.00 ms.
Mono: successfully reloaded assembly
- Completed reload, in  1.584 seconds
Domain Reload Profiling:
	ReloadAssembly (1585ms)
		BeginReloadAssembly (169ms)
			ExecutionOrderSort (0ms)
			DisableScriptedObjects (5ms)
			BackupInstance (0ms)
			ReleaseScriptingObjects (0ms)
			CreateAndSetChildDomain (50ms)
		EndReloadAssembly (1299ms)
			LoadAssemblies (112ms)
			RebuildTransferFunctionScriptingTraits (0ms)
			SetupTypeCache (353ms)
			ReleaseScriptCaches (2ms)
			RebuildScriptCaches (50ms)
			SetupLoadedEditorAssemblies (670ms)
				LogAssemblyErrors (0ms)
				InitializePlatformSupportModulesInManaged (16ms)
				SetLoadedEditorAssemblies (1ms)
				RefreshPlugins (10ms)
				BeforeProcessingInitializeOnLoad (101ms)
				ProcessInitializeOnLoadAttributes (474ms)
				ProcessInitializeOnLoadMethodAttributes (54ms)
				AfterProcessingInitializeOnLoad (15ms)
				EditorAssembliesLoaded (0ms)
			ExecutionOrderSort2 (0ms)
			AwakeInstancesAfterBackupRestoration (10ms)
Platform modules already initialized, skipping
Refreshing native plugins compatible for Editor in 235.72 ms, found 404 plugins.
Preloading 0 native plugins for Editor in 0.00 ms.
Unloading 5956 Unused Serialized files (Serialized files now loaded: 0)
Unloading 784 unused Assets / (200.6 KB). Loaded Objects now: 5755.
Memory consumption went from 205.2 MB to 205.0 MB.
Total: 5.592900 ms (FindLiveObjects: 0.440200 ms CreateObjectMapping: 0.663200 ms MarkObjects: 4.074800 ms  DeleteObjects: 0.413800 ms)

AssetImportParameters requested are different than current active one (requested -> active):
  custom:video-decoder-ogg-theora: a1e56fd34408186e4bbccfd4996cb3dc -> 
  custom:container-muxer-webm: aa71ff27fc2769a1b78a27578f13a17b -> 
  custom:container-demuxer-webm: 4f35f7cbe854078d1ac9338744f61a02 -> 
  custom:video-encoder-webm-vp8: eb34c28f22e8b96e1ab97ce403110664 -> 
  custom:video-codec-MediaFoundation-h265: 746d11721c4dcdbdad8f713fa42b33f4 -> 
  custom:audio-encoder-webm-vorbis: bf7c407c2cedff20999df2af8eb42d56 -> 
  custom:framework-win-MediaFoundation: 216162199b28c13a410421893ffa2e32 -> 
  custom:container-demuxer-ogg: 62fdf1f143b41e24485cea50d1cbac27 -> 
  custom:video-decoder-webm-vp8: 9c59270c3fd7afecdb556c50c9e8de78 -> 
  custom:audio-decoder-ogg-vorbis: bf7c407c2cedff20999df2af8eb42d56 -> 
========================================================================
Received Prepare
Refreshing native plugins compatible for Editor in 341.19 ms, found 404 plugins.
Preloading 0 native plugins for Editor in 0.00 ms.
Unloading 784 Unused Serialized files (Serialized files now loaded: 0)
Unloading 784 unused Assets / (198.3 KB). Loaded Objects now: 5755.
Memory consumption went from 101.4 MB to 101.2 MB.
Total: 4.768600 ms (FindLiveObjects: 0.487800 ms CreateObjectMapping: 0.368500 ms MarkObjects: 3.597800 ms  DeleteObjects: 0.296900 ms)

AssetImportParameters requested are different than current active one (requested -> active):
  custom:video-decoder-ogg-theora: a1e56fd34408186e4bbccfd4996cb3dc -> 
  custom:container-muxer-webm: aa71ff27fc2769a1b78a27578f13a17b -> 
  custom:container-demuxer-webm: 4f35f7cbe854078d1ac9338744f61a02 -> 
  custom:video-encoder-webm-vp8: eb34c28f22e8b96e1ab97ce403110664 -> 
  custom:video-codec-MediaFoundation-h265: 746d11721c4dcdbdad8f713fa42b33f4 -> 
  custom:audio-encoder-webm-vorbis: bf7c407c2cedff20999df2af8eb42d56 -> 
  custom:framework-win-MediaFoundation: 216162199b28c13a410421893ffa2e32 -> 
  custom:container-demuxer-ogg: 62fdf1f143b41e24485cea50d1cbac27 -> 
  custom:video-decoder-webm-vp8: 9c59270c3fd7afecdb556c50c9e8de78 -> 
  custom:audio-decoder-ogg-vorbis: bf7c407c2cedff20999df2af8eb42d56 -> 
